<?xml version="1.0" encoding="UTF-8"?>
<testsuite xmlns:xsi="http://www.w3.org/2001/XMLSchema-instance" xsi:noNamespaceSchemaLocation="https://maven.apache.org/surefire/maven-surefire-plugin/xsd/surefire-test-report.xsd" name="edu.udacity.java.nano.chattests.AllTests" time="18.068" tests="3" errors="3" skipped="0" failures="0">
  <properties>
[...]
</properties>
  <testcase name="quit" classname="edu.udacity.java.nano.chattests.AllTests" time="7.106">
    <error message="Element By.id: username (first) (Lazy Element) is not present&#10;For documentation on this error, please visit: http://seleniumhq.org/exceptions/no_such_element.html&#10;Build info: version: &apos;unknown&apos;, revision: &apos;unknown&apos;, time: &apos;unknown&apos;&#10;System info: host: &apos;DESKTOP-OA4IAGH&apos;, ip: &apos;192.168.42.95&apos;, os.name: &apos;Windows 10&apos;, os.arch: &apos;amd64&apos;, os.version: &apos;10.0&apos;, java.version: &apos;1.8.0_144&apos;&#10;Driver info: driver.version: unknown" type="org.openqa.selenium.NoSuchElementException">org.openqa.selenium.NoSuchElementException: 
Element By.id: username (first) (Lazy Element) is not present
For documentation on this error, please visit: http://seleniumhq.org/exceptions/no_such_element.html
Build info: version: 'unknown', revision: 'unknown', time: 'unknown'
System info: host: 'DESKTOP-OA4IAGH', ip: '192.168.42.95', os.name: 'Windows 10', os.arch: 'amd64', os.version: '10.0', java.version: '1.8.0_144'
Driver info: driver.version: unknown
	at edu.udacity.java.nano.chattests.AllTests.doLogin(AllTests.java:25)
	at edu.udacity.java.nano.chattests.AllTests.quit(AllTests.java:39)
</error>
    <system-err><![CDATA[Starting ChromeDriver 77.0.3865.40 (f484704e052e0b556f8030b65b953dce96503217-refs/branch-heads/3865@{#442}) on port 9318
Only local connections are allowed.
Please protect ports used by ChromeDriver and related test frameworks to prevent access by malicious code.
Sep 15, 2019 10:09:58 AM org.openqa.selenium.remote.ProtocolHandshake createSession
INFO: Detected dialect: W3C
]]></system-err>
  </testcase>
  <testcase name="doLogin" classname="edu.udacity.java.nano.chattests.AllTests" time="5.383">
    <error message="Element By.id: username (first) (Lazy Element) is not present&#10;For documentation on this error, please visit: http://seleniumhq.org/exceptions/no_such_element.html&#10;Build info: version: &apos;unknown&apos;, revision: &apos;unknown&apos;, time: &apos;unknown&apos;&#10;System info: host: &apos;DESKTOP-OA4IAGH&apos;, ip: &apos;192.168.42.95&apos;, os.name: &apos;Windows 10&apos;, os.arch: &apos;amd64&apos;, os.version: &apos;10.0&apos;, java.version: &apos;1.8.0_144&apos;&#10;Driver info: driver.version: unknown" type="org.openqa.selenium.NoSuchElementException">org.openqa.selenium.NoSuchElementException: 
Element By.id: username (first) (Lazy Element) is not present
For documentation on this error, please visit: http://seleniumhq.org/exceptions/no_such_element.html
Build info: version: 'unknown', revision: 'unknown', time: 'unknown'
System info: host: 'DESKTOP-OA4IAGH', ip: '192.168.42.95', os.name: 'Windows 10', os.arch: 'amd64', os.version: '10.0', java.version: '1.8.0_144'
Driver info: driver.version: unknown
	at edu.udacity.java.nano.chattests.AllTests.doLogin(AllTests.java:25)
</error>
    <system-err><![CDATA[Starting ChromeDriver 77.0.3865.40 (f484704e052e0b556f8030b65b953dce96503217-refs/branch-heads/3865@{#442}) on port 29071
Only local connections are allowed.
Please protect ports used by ChromeDriver and related test frameworks to prevent access by malicious code.
Sep 15, 2019 10:10:04 AM org.openqa.selenium.remote.ProtocolHandshake createSession
INFO: Detected dialect: W3C
]]></system-err>
  </testcase>
  <testcase name="newChat" classname="edu.udacity.java.nano.chattests.AllTests" time="5.377">
    <error message="Element By.id: username (first) (Lazy Element) is not present&#10;For documentation on this error, please visit: http://seleniumhq.org/exceptions/no_such_element.html&#10;Build info: version: &apos;unknown&apos;, revision: &apos;unknown&apos;, time: &apos;unknown&apos;&#10;System info: host: &apos;DESKTOP-OA4IAGH&apos;, ip: &apos;192.168.42.95&apos;, os.name: &apos;Windows 10&apos;, os.arch: &apos;amd64&apos;, os.version: &apos;10.0&apos;, java.version: &apos;1.8.0_144&apos;&#10;Driver info: driver.version: unknown" type="org.openqa.selenium.NoSuchElementException">org.openqa.selenium.NoSuchElementException: 
Element By.id: username (first) (Lazy Element) is not present
For documentation on this error, please visit: http://seleniumhq.org/exceptions/no_such_element.html
Build info: version: 'unknown', revision: 'unknown', time: 'unknown'
System info: host: 'DESKTOP-OA4IAGH', ip: '192.168.42.95', os.name: 'Windows 10', os.arch: 'amd64', os.version: '10.0', java.version: '1.8.0_144'
Driver info: driver.version: unknown
	at edu.udacity.java.nano.chattests.AllTests.doLogin(AllTests.java:25)
	at edu.udacity.java.nano.chattests.AllTests.newChat(AllTests.java:32)
</error>
    <system-err><![CDATA[Starting ChromeDriver 77.0.3865.40 (f484704e052e0b556f8030b65b953dce96503217-refs/branch-heads/3865@{#442}) on port 8587
Only local connections are allowed.
Please protect ports used by ChromeDriver and related test frameworks to prevent access by malicious code.
Sep 15, 2019 10:10:09 AM org.openqa.selenium.remote.ProtocolHandshake createSession
INFO: Detected dialect: W3C
]]></system-err>
  </testcase>
</testsuite>